0 info it worked if it ends with ok
1 verbose cli [ '/home/s/.nvm/versions/node/v5.6.0/bin/node',
1 verbose cli   '/home/s/.nvm/versions/node/v5.6.0/bin/npm',
1 verbose cli   'publish' ]
2 info using npm@3.6.0
3 info using node@v5.6.0
4 verbose publish [ '.' ]
5 silly cache add args [ '.', null ]
6 verbose cache add spec .
7 silly cache add parsed spec Result {
7 silly cache add   raw: '.',
7 silly cache add   scope: null,
7 silly cache add   name: null,
7 silly cache add   rawSpec: '.',
7 silly cache add   spec: '/home/s/dev/ytmp3dl/ytmp3dl-core',
7 silly cache add   type: 'directory' }
8 verbose addLocalDirectory /home/s/.npm/ytmp3dl-core/0.0.6/package.tgz not in flight; packing
9 verbose correctMkdir /home/s/.npm correctMkdir not in flight; initializing
10 info lifecycle ytmp3dl-core@0.0.6~prepublish: ytmp3dl-core@0.0.6
11 silly lifecycle ytmp3dl-core@0.0.6~prepublish: no script for prepublish, continuing
12 verbose tar pack [ '/home/s/.npm/ytmp3dl-core/0.0.6/package.tgz',
12 verbose tar pack   '/home/s/dev/ytmp3dl/ytmp3dl-core' ]
13 verbose tarball /home/s/.npm/ytmp3dl-core/0.0.6/package.tgz
14 verbose folder /home/s/dev/ytmp3dl/ytmp3dl-core
15 verbose addLocalTarball adding from inside cache /home/s/.npm/ytmp3dl-core/0.0.6/package.tgz
16 verbose correctMkdir /home/s/.npm correctMkdir not in flight; initializing
17 silly cache afterAdd ytmp3dl-core@0.0.6
18 verbose afterAdd /home/s/.npm/ytmp3dl-core/0.0.6/package/package.json not in flight; writing
19 verbose correctMkdir /home/s/.npm correctMkdir not in flight; initializing
20 verbose afterAdd /home/s/.npm/ytmp3dl-core/0.0.6/package/package.json written
21 silly publish { name: 'ytmp3dl-core',
21 silly publish   description: 'Youtube mp3 downloader - core module',
21 silly publish   version: '0.0.6',
21 silly publish   author: { name: 'opensoars' },
21 silly publish   scripts:
21 silly publish    { test: 'gulp babel && node dist/index.js',
21 silly publish      local_test: 'node node_modules/istanbul/lib/cli.js cover node_modules/mocha/bin/_mocha "./test/mocha/*.js"',
21 silly publish      coveralls: 'node node_modules/coveralls/bin/coveralls.js < coverage/lcov.info',
21 silly publish      doc: 'node node_modules/jsdoc/jsdoc.js -c ./doc/config.json --readme README.md',
21 silly publish      'gulp-babel': 'node node_modules/gulp/bin/gulp.js babel',
21 silly publish      'gulp-watch': 'node node_modules/gulp//bin/gulp.js watch' },
21 silly publish   engines: { node: '>=5.6.0' },
21 silly publish   dependencies: { ens: '^0.0.1', is: '^3.1.0' },
21 silly publish   devDependencies:
21 silly publish    { babel: '^6.3.13',
21 silly publish      'babel-plugin-syntax-async-functions': '^6.3.13',
21 silly publish      'babel-plugin-transform-async-to-generator': '^6.3.13',
21 silly publish      'babel-plugin-transform-es2015-destructuring': '^6.3.15',
21 silly publish      'babel-preset-es2015': '^6.3.13',
21 silly publish      'babel-preset-stage-3': '^6.3.13',
21 silly publish      gulp: '^3.9.0',
21 silly publish      'gulp-babel': '^6.1.1',
21 silly publish      'gulp-watch': '^4.3.5' },
21 silly publish   repository:
21 silly publish    { type: 'git',
21 silly publish      url: 'git+https://github.com/opensoars/ytmp3dl-core.git' },
21 silly publish   keywords: [],
21 silly publish   readmeFilename: 'README.md',
21 silly publish   license: 'MIT',
21 silly publish   readme: '# ytmp3dl-core\n\nAsync YouTube downloader. Utilizing ES6 and ES7 features.\n\n[![Build Status](https://travis-ci.org/opensoars/ytmp3dl-core.svg?branch=master)](https://travis-ci.org/opensoars/ytmp3dl-core)\n\n<!---\n[![Coverage Status](https://coveralls.io/repos/opensoars/ytmp3dl-core/badge.svg?branch=master&service=github)](https://coveralls.io/github/opensoars/ytmp3dl-core?branch=master)\n[![Inline docs](http://inch-ci.org/github/opensoars/ytmp3dl-core.svg?branch=master)](http://inch-ci.org/github/opensoars/ytmp3dl-core)\n[![Codacy Badge](https://api.codacy.com/project/badge/f3e64501763645b9aa483bf83a4dd1d5)](https://www.codacy.com/app/sam_1700/ytmp3dl-core)\n[![Code Climate](https://codeclimate.com/github/opensoars/ytmp3dl-core/badges/gpa.svg)](https://codeclimate.com/github/opensoars/ytmp3dl-core)\n[![Dependency Status](https://david-dm.org/opensoars/ytmp3dl-core.svg)](https://david-dm.org/opensoars/ytmp3dl-core)\n[![devDependency Status](https://david-dm.org/opensoars/ytmp3dl-core/dev-status.svg)](https://david-dm.org/opensoars/ytmp3dl-core#info=devDependencies)\n-->\n\n---\n\n# Install\n\n`npm install ytmp3dl-core`\n\n\n# Use\n\n```js\nnew (require(\'ytmp3dl-core\').Download)({ v: \'NnTg4vzli5s\' })\n  .on(\'callMethod\', method => console.log(`callMethod: ${method}`))\n  .on(\'stream-progress\', prog => console.log(\'stream-progress\', prog))\n  .on(\'conversion-progress\', prog => console.log(\'conversion-progress\', prog))\n  .on(\'error\', err => console.log(\'error\', err))\n  .on(\'succes\', result => console.log(\'succes\', result))\n  .callMethod(\'start\'); \n```\n',
21 silly publish   gitHead: '7da945c95a727d91e47ea0e02510bc54d5727052',
21 silly publish   bugs: { url: 'https://github.com/opensoars/ytmp3dl-core/issues' },
21 silly publish   homepage: 'https://github.com/opensoars/ytmp3dl-core#readme',
21 silly publish   _id: 'ytmp3dl-core@0.0.6',
21 silly publish   _shasum: 'e05eff9bed7e90f2dce671c2280c59dadadeb412',
21 silly publish   _from: '.' }
22 verbose getPublishConfig undefined
23 silly mapToRegistry name ytmp3dl-core
24 silly mapToRegistry using default registry
25 silly mapToRegistry registry https://registry.npmjs.org/
26 silly mapToRegistry uri https://registry.npmjs.org/ytmp3dl-core
27 verbose publish registryBase https://registry.npmjs.org/
28 silly publish uploading /home/s/.npm/ytmp3dl-core/0.0.6/package.tgz
29 verbose request uri https://registry.npmjs.org/ytmp3dl-core
30 verbose request sending authorization for write operation
31 info attempt registry request try #1 at 9:25:14 PM
32 verbose request using bearer token for auth
33 verbose request id 5a6bfbe2b16b3106
34 http request PUT https://registry.npmjs.org/ytmp3dl-core
35 http 403 https://registry.npmjs.org/ytmp3dl-core
36 verbose headers { 'content-type': 'application/json',
36 verbose headers   'cache-control': 'max-age=300',
36 verbose headers   'content-length': '95',
36 verbose headers   'accept-ranges': 'bytes',
36 verbose headers   date: 'Thu, 10 Mar 2016 20:25:36 GMT',
36 verbose headers   via: '1.1 varnish',
36 verbose headers   connection: 'keep-alive',
36 verbose headers   'x-served-by': 'cache-ams4135-AMS',
36 verbose headers   'x-cache': 'MISS',
36 verbose headers   'x-cache-hits': '0',
36 verbose headers   'x-timer': 'S1457641515.598870,VS0,VE21080' }
37 verbose request invalidating /home/s/.npm/registry.npmjs.org/ytmp3dl-core on PUT
38 error publish Failed PUT 403
39 verbose stack Error: "You cannot publish over the previously published version 0.0.6." : ytmp3dl-core
39 verbose stack     at makeError (/home/s/.nvm/versions/node/v5.6.0/lib/node_modules/npm/node_modules/npm-registry-client/lib/request.js:264:12)
39 verbose stack     at CachingRegistryClient.<anonymous> (/home/s/.nvm/versions/node/v5.6.0/lib/node_modules/npm/node_modules/npm-registry-client/lib/request.js:252:14)
39 verbose stack     at Request._callback (/home/s/.nvm/versions/node/v5.6.0/lib/node_modules/npm/node_modules/npm-registry-client/lib/request.js:172:14)
39 verbose stack     at Request.self.callback (/home/s/.nvm/versions/node/v5.6.0/lib/node_modules/npm/node_modules/request/request.js:198:22)
39 verbose stack     at emitTwo (events.js:100:13)
39 verbose stack     at Request.emit (events.js:185:7)
39 verbose stack     at Request.<anonymous> (/home/s/.nvm/versions/node/v5.6.0/lib/node_modules/npm/node_modules/request/request.js:1035:10)
39 verbose stack     at emitOne (events.js:95:20)
39 verbose stack     at Request.emit (events.js:182:7)
39 verbose stack     at IncomingMessage.<anonymous> (/home/s/.nvm/versions/node/v5.6.0/lib/node_modules/npm/node_modules/request/request.js:962:12)
40 verbose statusCode 403
41 verbose pkgid ytmp3dl-core
42 verbose cwd /home/s/dev/ytmp3dl/ytmp3dl-core
43 error Linux 4.2.0-30-generic
44 error argv "/home/s/.nvm/versions/node/v5.6.0/bin/node" "/home/s/.nvm/versions/node/v5.6.0/bin/npm" "publish"
45 error node v5.6.0
46 error npm  v3.6.0
47 error code E403
48 error "You cannot publish over the previously published version 0.0.6." : ytmp3dl-core
49 error If you need help, you may report this error at:
49 error     <https://github.com/npm/npm/issues>
50 verbose exit [ 1, true ]
